This is pdfTeX, Version 3.1415926-1.40.9 (MiKTeX 2.7) (preloaded format=pdflatex 2009.3.11)  26 MAR 2010 15:35
entering extended mode
**C:/Users/AdriJo/Documents/Josué/Unioeste/Modelo*TCC/ModelosNormas/ModeloLatex
/capitulo1/capitulo1.tex

("C:/Users/AdriJo/Documents/Josué/Unioeste/Modelo TCC/ModelosNormas/ModeloLatex
/capitulo1/capitulo1.tex"
LaTeX2e <2005/12/01>
Babel <v3.8l> and hyphenation patterns for english, dumylang, nohyphenation, ge
rman, ngerman, german-x-2008-06-18, ngerman-x-2008-06-18, french, loaded.
! Undefined control sequence.
l.1 \chapter
            {Aspectos Normativos e Tipográficos}
? x
 
Here is how much of TeX's memory you used:
 7 strings out of 95304
 360 string characters out of 1183070
 45021 words of memory out of 1500000
 3306 multiletter control sequences out of 110000
 3640 words of font info for 14 fonts, out of 3000000 for 5000
 14 hyphenation exceptions out of 8191
 5i,0n,1p,151b,8s stack positions out of 5000i,500n,10000p,200000b,50000s
No pages of output.
PDF statistics:
 0 PDF objects out of 1000 (max. 8388607)
 0 named destinations out of 1000 (max. 131072)
 1 words of extra memory for PDF output out of 10000 (max. 10000000)

